2021-05-01 22:52:40,423 : INFO : test_formsubmission : Name is : Gourav
2021-05-01 22:52:40,532 : INFO : test_formsubmission : Email is : xyz@gmail.com
2021-05-01 22:52:40,615 : INFO : test_formsubmission : Password is : pass1
2021-05-01 22:52:40,672 : INFO : test_formsubmission : Gender is : Male
2021-05-01 22:52:40,835 : INFO : test_formsubmission : ×
Success! The Form has been submitted successfully!.
2021-05-01 22:52:44,794 : INFO : test_e2e : Getting all the cards title
2021-05-01 22:52:44,828 : INFO : test_e2e : iphone X
2021-05-01 22:52:44,842 : INFO : test_e2e : Samsung Note 8
2021-05-01 22:52:44,855 : INFO : test_e2e : Nokia Edge
2021-05-01 22:52:44,870 : INFO : test_e2e : Blackberry
2021-05-01 22:52:45,090 : INFO : test_e2e : Entering Country name
2021-05-01 22:52:50,729 : INFO : test_e2e : ×
Success! Thank you! Your order will be delivered in next few weeks :-).
2021-05-01 23:02:05,247 : INFO : test_formsubmission : Name is : Gourav
2021-05-01 23:02:05,345 : INFO : test_formsubmission : Email is : xyz@gmail.com
2021-05-01 23:02:05,413 : INFO : test_formsubmission : Password is : pass1
2021-05-01 23:02:05,550 : INFO : test_formsubmission : Gender is : Male
2021-05-01 23:02:05,739 : INFO : test_formsubmission : ×
Success! The Form has been submitted successfully!.
2021-05-01 23:02:10,265 : INFO : test_e2e : Getting all the cards title
2021-05-01 23:02:10,303 : INFO : test_e2e : iphone X
2021-05-01 23:02:10,318 : INFO : test_e2e : Samsung Note 8
2021-05-01 23:02:10,333 : INFO : test_e2e : Nokia Edge
2021-05-01 23:02:10,348 : INFO : test_e2e : Blackberry
2021-05-01 23:02:10,579 : INFO : test_e2e : Entering Country name
2021-05-01 23:02:16,094 : INFO : test_e2e : ×
Success! Thank you! Your order will be delivered in next few weeks :-).
2021-05-01 23:16:57,298 : INFO : test_formsubmission : Name is : Gourav
2021-05-01 23:16:57,395 : INFO : test_formsubmission : Email is : xyz@gmail.com
2021-05-01 23:16:57,463 : INFO : test_formsubmission : Password is : pass1
2021-05-01 23:16:57,524 : INFO : test_formsubmission : Gender is : Male
2021-05-01 23:16:57,711 : INFO : test_formsubmission : ×
Success! The Form has been submitted successfully!.
2021-05-01 23:17:01,882 : INFO : test_e2e : Getting all the cards title
2021-05-01 23:17:01,922 : INFO : test_e2e : iphone X
2021-05-01 23:17:01,939 : INFO : test_e2e : Samsung Note 8
2021-05-01 23:17:01,961 : INFO : test_e2e : Nokia Edge
2021-05-01 23:17:01,988 : INFO : test_e2e : Blackberry
2021-05-01 23:17:02,329 : INFO : test_e2e : Entering Country name
2021-05-01 23:17:07,927 : INFO : test_e2e : ×
Success! Thank you! Your order will be delivered in next few weeks :-).
2021-05-01 23:43:43,911 : INFO : test_formsubmission : Name is : Gourav
2021-05-01 23:43:44,136 : INFO : test_formsubmission : Email is : xyz@gmail.com
2021-05-01 23:43:44,221 : INFO : test_formsubmission : Password is : pass1
2021-05-01 23:43:44,294 : INFO : test_formsubmission : Gender is : Male
2021-05-01 23:43:44,481 : INFO : test_formsubmission : ×
Success! The Form has been submitted successfully!.
2021-05-01 23:43:49,674 : INFO : test_e2e : Getting all the cards title
2021-05-01 23:43:49,710 : INFO : test_e2e : iphone X
2021-05-01 23:43:49,728 : INFO : test_e2e : Samsung Note 8
2021-05-01 23:43:49,745 : INFO : test_e2e : Nokia Edge
2021-05-01 23:43:49,761 : INFO : test_e2e : Blackberry
2021-05-01 23:43:50,248 : INFO : test_e2e : Entering Country name
2021-05-01 23:43:55,902 : INFO : test_e2e : ×
Success! Thank you! Your order will be delivered in next few weeks :-).
2021-05-09 20:14:16,662 : INFO : test_formsubmission : Name is : Gourav
2021-05-09 20:14:16,780 : INFO : test_formsubmission : Email is : xyz@gmail.com
2021-05-09 20:14:16,856 : INFO : test_formsubmission : Password is : pass1
2021-05-09 20:14:16,919 : INFO : test_formsubmission : Gender is : Male
2021-05-09 20:14:17,139 : INFO : test_formsubmission : ×
Success! The Form has been submitted successfully!.
